Determining if the pthread_create exist failed with the following output:
Change Dir: /home/nejack/ros/build/CMakeFiles/CMakeTmp

Run Build Command:/usr/bin/make "cmTryCompileExec493193103/fast"
/usr/bin/make -f CMakeFiles/cmTryCompileExec493193103.dir/build.make CMakeFiles/cmTryCompileExec493193103.dir/build
make[1]: Entering directory `/home/nejack/ros/build/CMakeFiles/CMakeTmp'
/usr/bin/cmake -E cmake_progress_report /home/nejack/ros/build/CMakeFiles/CMakeTmp/CMakeFiles 1
Building C object CMakeFiles/cmTryCompileExec493193103.dir/CheckSymbolExists.c.o
/usr/bin/cc    -o CMakeFiles/cmTryCompileExec493193103.dir/CheckSymbolExists.c.o   -c /home/nejack/ros/build/CMakeFiles/CMakeTmp/CheckSymbolExists.c
Linking C executable cmTryCompileExec493193103
/usr/bin/cmake -E cmake_link_script CMakeFiles/cmTryCompileExec493193103.dir/link.txt --verbose=1
/usr/bin/cc       CMakeFiles/cmTryCompileExec493193103.dir/CheckSymbolExists.c.o  -o cmTryCompileExec493193103 -rdynamic 
CMakeFiles/cmTryCompileExec493193103.dir/CheckSymbolExists.c.o: In function `main':
CheckSymbolExists.c:(.text+0x16): undefined reference to `pthread_create'
collect2: error: ld returned 1 exit status
make[1]: *** [cmTryCompileExec493193103] Error 1
make[1]: Leaving directory `/home/nejack/ros/build/CMakeFiles/CMakeTmp'
make: *** [cmTryCompileExec493193103/fast] Error 2

File /home/nejack/ros/build/CMakeFiles/CMakeTmp/CheckSymbolExists.c:
/* */
#include <pthread.h>

int main(int argc, char** argv)
{
  (void)argv;
#ifndef pthread_create
  return ((int*)(&pthread_create))[argc];
#else
  (void)argc;
  return 0;
#endif
}

Determining if the function pthread_create exists in the pthreads failed with the following output:
Change Dir: /home/nejack/ros/build/CMakeFiles/CMakeTmp

Run Build Command:/usr/bin/make "cmTryCompileExec2874681548/fast"
/usr/bin/make -f CMakeFiles/cmTryCompileExec2874681548.dir/build.make CMakeFiles/cmTryCompileExec2874681548.dir/build
make[1]: Entering directory `/home/nejack/ros/build/CMakeFiles/CMakeTmp'
/usr/bin/cmake -E cmake_progress_report /home/nejack/ros/build/CMakeFiles/CMakeTmp/CMakeFiles 1
Building C object CMakeFiles/cmTryCompileExec2874681548.dir/CheckFunctionExists.c.o
/usr/bin/cc   -DCHECK_FUNCTION_EXISTS=pthread_create   -o CMakeFiles/cmTryCompileExec2874681548.dir/CheckFunctionExists.c.o   -c /usr/share/cmake-2.8/Modules/CheckFunctionExists.c
Linking C executable cmTryCompileExec2874681548
/usr/bin/cmake -E cmake_link_script CMakeFiles/cmTryCompileExec2874681548.dir/link.txt --verbose=1
/usr/bin/cc   -DCHECK_FUNCTION_EXISTS=pthread_create    CMakeFiles/cmTryCompileExec2874681548.dir/CheckFunctionExists.c.o  -o cmTryCompileExec2874681548 -rdynamic -lpthreads 
/usr/bin/ld: cannot find -lpthreads
collect2: error: ld returned 1 exit status
make[1]: *** [cmTryCompileExec2874681548] Error 1
make[1]: Leaving directory `/home/nejack/ros/build/CMakeFiles/CMakeTmp'
make: *** [cmTryCompileExec2874681548/fast] Error 2


